<?xml version="1.0" encoding="UTF-8"?>
<!-- Generated by org.testng.reporters.JUnitReportReporter -->
<testsuite hostname="LAPTOP-FAREL36J" failures="0" tests="5" name="com.employeeapis.testCases.TC004_PUT_EMPLOYEE_RECORD" time="0.005" errors="0" timestamp="30 Mar 2022 12:01:17 GMT" skipped="0">
  <testcase classname="com.employeeapis.testCases.TC004_PUT_EMPLOYEE_RECORD" name="checkstatusLine" time="0.001"/>
  <testcase classname="com.employeeapis.testCases.TC004_PUT_EMPLOYEE_RECORD" name="checkContentType" time="0.001"/>
  <testcase classname="com.employeeapis.testCases.TC004_PUT_EMPLOYEE_RECORD" name="checkStatusCode" time="0.001"/>
  <testcase classname="com.employeeapis.testCases.TC004_PUT_EMPLOYEE_RECORD" name="checkResponseBody" time="0.001"/>
  <testcase classname="com.employeeapis.testCases.TC004_PUT_EMPLOYEE_RECORD" name="checkserverType" time="0.001"/>
</testsuite> <!-- com.employeeapis.testCases.TC004_PUT_EMPLOYEE_RECORD -->
